<?xml version="1.0" encoding="UTF-8"?>
<testsuite xmlns:xsi="http://www.w3.org/2001/XMLSchema-instance" xsi:noNamespaceSchemaLocation="https://maven.apache.org/surefire/maven-surefire-plugin/xsd/surefire-test-report.xsd" version="3.0.2" name="TestSuite" time="16.042" tests="4" errors="0" skipped="0" failures="0">
  <properties>
[...]
</properties>
  <testcase name="testLoginFunctionality" classname="com.practicetestautomation.tests.login.LoginTests" time="0.585">
    <system-err><![CDATA[SLF4J: Failed to load class "org.slf4j.impl.StaticLoggerBinder".
SLF4J: Defaulting to no-operation (NOP) logger implementation
SLF4J: See http://www.slf4j.org/codes.html#StaticLoggerBinder for further details.
Jan 26, 2025 4:21:07 PM com.practicetestautomation.tests.login.LoginTests setUp
INFO: Test Running with chrome
Jan 26, 2025 4:21:11 PM com.practicetestautomation.tests.login.LoginTests testLoginFunctionality
INFO: Starting testLoginFunctionality
Jan 26, 2025 4:21:11 PM com.practicetestautomation.tests.login.LoginTests testLoginFunctionality
INFO: Type Username
Jan 26, 2025 4:21:11 PM com.practicetestautomation.tests.login.LoginTests testLoginFunctionality
INFO: Type password
Jan 26, 2025 4:21:11 PM com.practicetestautomation.tests.login.LoginTests testLoginFunctionality
INFO: Click Submit button
Jan 26, 2025 4:21:12 PM com.practicetestautomation.tests.login.LoginTests testLoginFunctionality
INFO: Verifying ExpectedUrl with currentUrl
Jan 26, 2025 4:21:12 PM com.practicetestautomation.tests.login.LoginTests testLoginFunctionality
INFO: Successfully logged in
Jan 26, 2025 4:21:12 PM com.practicetestautomation.tests.login.LoginTests testLoginFunctionality
INFO: Verifying log out
]]></system-err>
  </testcase>
  <testcase name="testLoginFunctionality" classname="com.practicetestautomation.tests.login.LoginTests" time="0.856">
    <system-err><![CDATA[Jan 26, 2025 4:21:12 PM com.practicetestautomation.tests.login.LoginTests setUp
INFO: Test Running with firefox
Jan 26, 2025 4:21:14 PM org.openqa.selenium.firefox.FirefoxDriver <init>
WARNING: CDP support for Firefox is deprecated and will be removed in future versions. Please switch to WebDriver BiDi.
Jan 26, 2025 4:21:15 PM com.practicetestautomation.tests.login.LoginTests testLoginFunctionality
INFO: Starting testLoginFunctionality
Jan 26, 2025 4:21:15 PM com.practicetestautomation.tests.login.LoginTests testLoginFunctionality
INFO: Type Username
Jan 26, 2025 4:21:15 PM com.practicetestautomation.tests.login.LoginTests testLoginFunctionality
INFO: Type password
Jan 26, 2025 4:21:15 PM com.practicetestautomation.tests.login.LoginTests testLoginFunctionality
INFO: Click Submit button
Jan 26, 2025 4:21:16 PM com.practicetestautomation.tests.login.LoginTests testLoginFunctionality
INFO: Verifying ExpectedUrl with currentUrl
Jan 26, 2025 4:21:16 PM com.practicetestautomation.tests.login.LoginTests testLoginFunctionality
INFO: Successfully logged in
Jan 26, 2025 4:21:16 PM com.practicetestautomation.tests.login.LoginTests testLoginFunctionality
INFO: Verifying log out
]]></system-err>
  </testcase>
  <testcase name="negativeLoginTest[incorrectUser, Password123, Your username is invalid!](1)" classname="com.practicetestautomation.tests.login.LoginTests" time="0.282">
    <system-err><![CDATA[Jan 26, 2025 4:21:17 PM com.practicetestautomation.tests.login.LoginTests setUp
INFO: Test Running with safari
Jan 26, 2025 4:21:17 PM com.practicetestautomation.tests.login.LoginTests setUp
INFO: Configuration for safari is missing, default its running with Chrome browser
Jan 26, 2025 4:21:19 PM com.practicetestautomation.tests.login.LoginTests negativeLoginTest
INFO: Type Username
Jan 26, 2025 4:21:19 PM com.practicetestautomation.tests.login.LoginTests negativeLoginTest
INFO: Type password
Jan 26, 2025 4:21:19 PM com.practicetestautomation.tests.login.LoginTests negativeLoginTest
INFO: Click Submit button
Jan 26, 2025 4:21:19 PM com.practicetestautomation.tests.login.LoginTests negativeLoginTest
INFO: Verifying ExpectedUrl with currentUrl
]]></system-err>
  </testcase>
  <testcase name="negativeLoginTest[student, incorrectpassword, Your password is invalid!](1)" classname="com.practicetestautomation.tests.login.LoginTests" time="0.293">
    <system-err><![CDATA[Jan 26, 2025 4:21:20 PM com.practicetestautomation.tests.login.LoginTests setUp
INFO: Test Running with chrome
Jan 26, 2025 4:21:22 PM com.practicetestautomation.tests.login.LoginTests negativeLoginTest
INFO: Type Username
Jan 26, 2025 4:21:23 PM com.practicetestautomation.tests.login.LoginTests negativeLoginTest
INFO: Type password
Jan 26, 2025 4:21:23 PM com.practicetestautomation.tests.login.LoginTests negativeLoginTest
INFO: Click Submit button
Jan 26, 2025 4:21:23 PM com.practicetestautomation.tests.login.LoginTests negativeLoginTest
INFO: Verifying ExpectedUrl with currentUrl
]]></system-err>
  </testcase>
</testsuite>