<?xml version="1.0" encoding="UTF-8"?>
<!-- Generated by org.testng.reporters.JUnitXMLReporter -->
<testsuite ignored="1" hostname="INL-5CD2521298" failures="0" tests="1" name="Incorrect password Test" time="3.252" errors="0" timestamp="2025-01-26T16:21:23 GMT-06:00">
  <testcase classname="com.practicetestautomation.tests.login.LoginTests" name="negativeLoginTest" time="0.294"/>
  <testcase classname="com.practicetestautomation.tests.login.LoginTests" name="testLoginFunctionality" time="0.0">
    <ignored/>
  </testcase> <!-- testLoginFunctionality -->
</testsuite> <!-- Incorrect password Test -->
