<?xml version="1.0" encoding="UTF-8"?>
<!-- Generated by org.testng.reporters.JUnitXMLReporter -->
<testsuite ignored="1" hostname="INL-5CD2521298" failures="0" tests="1" name="Positive Login Test with Chrome Browser" time="4.495" errors="0" timestamp="2025-01-26T16:21:12 GMT-06:00">
  <testcase classname="com.practicetestautomation.tests.login.LoginTests" name="testLoginFunctionality" time="0.583"/>
  <testcase classname="com.practicetestautomation.tests.login.LoginTests" name="negativeLoginTest" time="0.0">
    <ignored/>
  </testcase> <!-- negativeLoginTest -->
</testsuite> <!-- Positive Login Test with Chrome Browser -->
